<?xml version="1.0" encoding="UTF-8"?>
<!-- Generated by org.testng.reporters.JUnitReportReporter -->
<testsuite skipped="0" hostname="MP1ZNVJ4" name="tests.SpecificFormPageTest" tests="1" failures="0" timestamp="27 Apr 2022 09:12:03 GMT" time="17.236" errors="0">
  <testcase name="currentPage" time="17.236" classname="tests.SpecificFormPageTest"/>
</testsuite> <!-- tests.SpecificFormPageTest -->
