<?xml version="1.0" encoding="UTF-8"?>
<!-- Generated by org.testng.reporters.JUnitReportReporter -->
<testsuite skipped="0" hostname="MP1ZNVJ4" name="tests.AccountTest" tests="1" failures="0" timestamp="27 Apr 2022 09:12:03 GMT" time="10.663" errors="0">
  <testcase name="isExist" time="10.663" classname="tests.AccountTest"/>
</testsuite> <!-- tests.AccountTest -->
