<?xml version="1.0" encoding="UTF-8"?>
<!-- Generated by org.testng.reporters.JUnitReportReporter -->
<testsuite skipped="0" hostname="Laptop-zivs" name="tests.AccountTest" tests="1" failures="0" timestamp="22 May 2022 06:21:17 GMT" time="10.944" errors="0">
  <testcase name="isExist" time="10.944" classname="tests.AccountTest"/>
</testsuite> <!-- tests.AccountTest -->
