<?xml version="1.0" encoding="UTF-8"?>
<!-- Generated by org.testng.reporters.JUnitReportReporter -->
<testsuite skipped="0" hostname="MP1ZNVJ4" name="tests.ViewMyFormsTest" tests="1" failures="0" timestamp="27 Apr 2022 09:12:03 GMT" time="9.640" errors="0">
  <testcase name="dropDownFail" time="9.640" classname="tests.ViewMyFormsTest"/>
</testsuite> <!-- tests.ViewMyFormsTest -->
