<?xml version="1.0" encoding="UTF-8"?>
<!-- Generated by org.testng.reporters.JUnitReportReporter -->
<testsuite skipped="0" hostname="Laptop-zivs" name="tests.ViewMyFormsTest" tests="1" failures="0" timestamp="22 May 2022 06:21:17 GMT" time="9.641" errors="0">
  <testcase name="dropDownFail" time="9.641" classname="tests.ViewMyFormsTest"/>
</testsuite> <!-- tests.ViewMyFormsTest -->
